2022-12-24 23:33:59 INFO  ProjectStartupHandler.runActivity(74) - ---------- Project opened ----------
2022-12-24 23:33:59 INFO  ProjectStartupHandler.runActivity(75) - ---------- Version 4.02 ----------

2022-12-24 23:33:59 INFO  ProjectStartupHandler.setAutoscrolls(346) - Autoscrolls successfully set
2022-12-24 23:33:59 INFO  ApacheHttpClient.isSessionAppropriateWithSecretKey(589) - The session is not set in the property file.
2022-12-24 23:33:59 INFO  ApacheHttpClient.login(250) - Waiting for server response.
2022-12-24 23:33:59 INFO  ApacheHttpClient.login(254) - responseCode = 200
2022-12-24 23:33:59 INFO  ApacheHttpClient.login(277) - JSESSIONID OK
2022-12-24 23:33:59 INFO  ApacheHttpClient.refreshUserInfo(305) - responseCode = 200
2022-12-24 23:33:59 INFO  ApacheHttpClient.refreshUserInfo(311) - User information received.
2022-12-24 23:33:59 INFO  ApacheHttpClient.startGA(36) - GAService started.
2022-12-24 23:34:08 INFO  ApacheHttpClient.getWebResourceAsStream(502) - responseCode = 200
2022-12-24 23:34:10 INFO  ApacheHttpClient.getFilteredTasks(336) - responseCode = 200
2022-12-25 23:32:43 INFO  ApacheHttpClient.getWebResourceAsStream(502) - responseCode = 200
2022-12-25 23:32:44 INFO  ApacheHttpClient.getFilteredTasks(336) - responseCode = 200
2022-12-25 23:32:55 INFO  ApacheHttpClient.getFilteredTasks(336) - responseCode = 200
2022-12-25 23:33:04 INFO  ApacheHttpClient.getTaskTemplateInfo(353) - responseCode = 200
2022-12-25 23:33:04 INFO  TaskInfoSelectorMouseListener.createDirectoryRecursive(78) - File created :C:/Users/Oleg_Chumin/IdeaProjects/JavaRushTasks/JavaRushTasks/1.JavaSyntax/src/com
2022-12-25 23:33:04 INFO  TaskInfoSelectorMouseListener.createDirectoryRecursive(78) - File created :C:/Users/Oleg_Chumin/IdeaProjects/JavaRushTasks/JavaRushTasks/1.JavaSyntax/src/com/javarush
2022-12-25 23:33:04 INFO  TaskInfoSelectorMouseListener.createDirectoryRecursive(78) - File created :C:/Users/Oleg_Chumin/IdeaProjects/JavaRushTasks/JavaRushTasks/1.JavaSyntax/src/com/javarush/task
2022-12-25 23:33:04 INFO  TaskInfoSelectorMouseListener.createDirectoryRecursive(78) - File created :C:/Users/Oleg_Chumin/IdeaProjects/JavaRushTasks/JavaRushTasks/1.JavaSyntax/src/com/javarush/task/task02
2022-12-25 23:33:04 INFO  TaskInfoSelectorMouseListener.createDirectoryRecursive(78) - File created :C:/Users/Oleg_Chumin/IdeaProjects/JavaRushTasks/JavaRushTasks/1.JavaSyntax/src/com/javarush/task/task02/task0210
2022-12-25 23:33:55 INFO  ApacheHttpClient.getWebResourceAsStream(502) - responseCode = 200
2022-12-25 23:33:56 INFO  ApacheHttpClient.getTask(488) - responseCode = 200
2022-12-25 23:33:57 INFO  ApacheHttpClient.completed(32) - responseCode = 200
2022-12-25 23:33:57 INFO  ApacheHttpClient.getTask(488) - responseCode = 200
2022-12-25 23:36:23 INFO  ApacheHttpClient.getWebResourceAsStream(502) - responseCode = 200
2022-12-25 23:36:25 INFO  ApacheHttpClient.getFilteredTasks(336) - responseCode = 200
2022-12-25 23:36:36 INFO  ApacheHttpClient.getTaskTemplateInfo(353) - responseCode = 200
2022-12-25 23:36:36 INFO  TaskInfoSelectorMouseListener.createDirectoryRecursive(78) - File created :C:/Users/Oleg_Chumin/IdeaProjects/JavaRushTasks/JavaRushTasks/1.JavaSyntax/src/com/javarush/task/task02/task0211
2022-12-25 23:38:34 INFO  ApacheHttpClient.getWebResourceAsStream(502) - responseCode = 200
2022-12-25 23:38:35 INFO  ApacheHttpClient.getTask(488) - responseCode = 200
2022-12-25 23:38:36 INFO  ApacheHttpClient.completed(32) - responseCode = 200
2022-12-25 23:38:36 INFO  ApacheHttpClient.getTask(488) - responseCode = 200
2022-12-25 23:38:41 INFO  ApacheHttpClient.getWebResourceAsStream(502) - responseCode = 200
2022-12-25 23:38:42 INFO  ApacheHttpClient.getFilteredTasks(336) - responseCode = 200
2022-12-25 23:39:08 INFO  ApacheHttpClient.getTaskTemplateInfo(353) - responseCode = 200
2022-12-25 23:39:08 INFO  TaskInfoSelectorMouseListener.createDirectoryRecursive(78) - File created :C:/Users/Oleg_Chumin/IdeaProjects/JavaRushTasks/JavaRushTasks/1.JavaSyntax/src/com/javarush/task/task03
2022-12-25 23:39:08 INFO  TaskInfoSelectorMouseListener.createDirectoryRecursive(78) - File created :C:/Users/Oleg_Chumin/IdeaProjects/JavaRushTasks/JavaRushTasks/1.JavaSyntax/src/com/javarush/task/task03/task0306
2022-12-25 23:41:09 INFO  ApacheHttpClient.getWebResourceAsStream(502) - responseCode = 200
2022-12-25 23:41:17 INFO  ApacheHttpClient.getWebResourceAsStream(502) - responseCode = 200
2022-12-25 23:41:17 WARN  PluginUtil.getCurrentTask(77) - Error while retrieving the task key.
java.lang.StringIndexOutOfBoundsException: begin -1, end 38, length 38
	at java.base/java.lang.String.checkBoundsBeginEnd(String.java:4604)
	at java.base/java.lang.String.substring(String.java:2707)
	at java.base/java.lang.String.substring(String.java:2680)
	at com.homework.plugin.PluginUtil.getCurrentVirtualFile(PluginUtil.java:159)
	at com.homework.plugin.PluginUtil.getCurrentTask(PluginUtil.java:68)
	at com.homework.plugin.button.CorrectSolutionButton.actionPerformed(CorrectSolutionButton.java:59)
	at com.intellij.openapi.actionSystem.impl.ActionButton.actionPerformed(ActionButton.java:197)
	at com.intellij.openapi.actionSystem.impl.ActionButton.lambda$performAction$0(ActionButton.java:176)
	at com.intellij.openapi.actionSystem.ex.ActionUtil.performDumbAwareWithCallbacks(ActionUtil.java:346)
	at com.intellij.openapi.actionSystem.impl.ActionButton.performAction(ActionButton.java:176)
	at com.intellij.openapi.actionSystem.impl.ActionButton.processMouseEvent(ActionButton.java:465)
	at java.desktop/java.awt.Component.processEvent(Component.java:6413)
	at java.desktop/java.awt.Container.processEvent(Container.java:2266)
	at java.desktop/java.awt.Component.dispatchEventImpl(Component.java:5022)
	at java.desktop/java.awt.Container.dispatchEventImpl(Container.java:2324)
	at java.desktop/java.awt.Component.dispatchEvent(Component.java:4854)
	at java.desktop/java.awt.LightweightDispatcher.retargetMouseEvent(Container.java:4948)
	at java.desktop/java.awt.LightweightDispatcher.processMouseEvent(Container.java:4575)
	at java.desktop/java.awt.LightweightDispatcher.dispatchEvent(Container.java:4516)
	at java.desktop/java.awt.Container.dispatchEventImpl(Container.java:2310)
	at java.desktop/java.awt.Window.dispatchEventImpl(Window.java:2802)
	at java.desktop/java.awt.Component.dispatchEvent(Component.java:4854)
	at java.desktop/java.awt.EventQueue.dispatchEventImpl(EventQueue.java:781)
	at java.desktop/java.awt.EventQueue$4.run(EventQueue.java:730)
	at java.desktop/java.awt.EventQueue$4.run(EventQueue.java:724)
	at java.base/java.security.AccessController.doPrivileged(AccessController.java:399)
	at java.base/java.security.ProtectionDomain$JavaSecurityAccessImpl.doIntersectionPrivilege(ProtectionDomain.java:86)
	at java.base/java.security.ProtectionDomain$JavaSecurityAccessImpl.doIntersectionPrivilege(ProtectionDomain.java:97)
	at java.desktop/java.awt.EventQueue$5.run(EventQueue.java:754)
	at java.desktop/java.awt.EventQueue$5.run(EventQueue.java:752)
	at java.base/java.security.AccessController.doPrivileged(AccessController.java:399)
	at java.base/java.security.ProtectionDomain$JavaSecurityAccessImpl.doIntersectionPrivilege(ProtectionDomain.java:86)
	at java.desktop/java.awt.EventQueue.dispatchEvent(EventQueue.java:751)
	at com.intellij.ide.IdeEventQueue.defaultDispatchEvent(IdeEventQueue.java:909)
	at com.intellij.ide.IdeEventQueue.dispatchMouseEvent(IdeEventQueue.java:831)
	at com.intellij.ide.IdeEventQueue._dispatchEvent(IdeEventQueue.java:753)
	at com.intellij.ide.IdeEventQueue.lambda$dispatchEvent$5(IdeEventQueue.java:437)
	at com.intellij.openapi.progress.impl.CoreProgressManager.computePrioritized(CoreProgressManager.java:772)
	at com.intellij.ide.IdeEventQueue.lambda$dispatchEvent$6(IdeEventQueue.java:436)
	at com.intellij.openapi.application.TransactionGuardImpl.performActivity(TransactionGuardImpl.java:113)
	at com.intellij.ide.IdeEventQueue.performActivity(IdeEventQueue.java:615)
	at com.intellij.ide.IdeEventQueue.lambda$dispatchEvent$7(IdeEventQueue.java:434)
	at com.intellij.openapi.application.impl.ApplicationImpl.runIntendedWriteActionOnCurrentThread(ApplicationImpl.java:813)
	at com.intellij.ide.IdeEventQueue.dispatchEvent(IdeEventQueue.java:480)
	at java.desktop/java.awt.EventDispatchThread.pumpOneEventForFilters(EventDispatchThread.java:207)
	at java.desktop/java.awt.EventDispatchThread.pumpEventsForFilter(EventDispatchThread.java:128)
	at java.desktop/java.awt.EventDispatchThread.pumpEventsForHierarchy(EventDispatchThread.java:117)
	at java.desktop/java.awt.EventDispatchThread.pumpEvents(EventDispatchThread.java:113)
	at java.desktop/java.awt.EventDispatchThread.pumpEvents(EventDispatchThread.java:105)
	at java.desktop/java.awt.EventDispatchThread.run(EventDispatchThread.java:92)
2022-12-25 23:41:23 INFO  ApacheHttpClient.getWebResourceAsStream(502) - responseCode = 200
2022-12-25 23:41:24 INFO  ApacheHttpClient.getTask(488) - responseCode = 200
2022-12-25 23:41:25 INFO  ApacheHttpClient.completed(32) - responseCode = 200
2022-12-25 23:41:25 INFO  ApacheHttpClient.getTask(488) - responseCode = 200
2022-12-26 09:43:13 INFO  ProjectStartupHandler.projectClosing(155) - ---------- Project closed ----------

2022-12-26 09:43:13 INFO  ApacheHttpClient.getTask(488) - responseCode = 200
2022-12-26 09:43:14 INFO  ApacheHttpClient.getTask(488) - responseCode = 200
2022-12-26 09:43:14 INFO  ApacheHttpClient.getTask(488) - responseCode = 200
2022-12-26 09:43:14 INFO  PluginProjectService.dispose(41) - PluginProjectService for disposed.
2022-12-28 19:01:15 INFO  ProjectStartupHandler.runActivity(74) - ---------- Project opened ----------
2022-12-28 19:01:15 INFO  ProjectStartupHandler.runActivity(75) - ---------- Version 4.02 ----------

2022-12-28 19:01:15 INFO  ProjectStartupHandler.setAutoscrolls(346) - Autoscrolls successfully set
2022-12-28 19:01:15 INFO  ApacheHttpClient.isSessionAppropriateWithSecretKey(602) - Waiting for server response.
2022-12-28 19:01:16 INFO  ApacheHttpClient.refreshUserInfo(305) - responseCode = 200
2022-12-28 19:01:16 INFO  ApacheHttpClient.refreshUserInfo(311) - User information received.
2022-12-28 19:01:16 INFO  ApacheHttpClient.startGA(36) - GAService started.
2022-12-28 19:02:21 INFO  ApacheHttpClient.getWebResourceAsStream(502) - responseCode = 200
2022-12-28 19:02:23 INFO  ApacheHttpClient.getFilteredTasks(336) - responseCode = 200
2022-12-28 19:02:30 INFO  ApacheHttpClient.getFilteredTasks(336) - responseCode = 200
2022-12-28 19:02:37 INFO  ApacheHttpClient.getFilteredTasks(336) - responseCode = 200
2022-12-28 19:02:45 INFO  ApacheHttpClient.getFilteredTasks(336) - responseCode = 200
2022-12-28 19:03:02 INFO  ApacheHttpClient.getTaskTemplateInfo(353) - responseCode = 200
2022-12-28 19:03:02 INFO  TaskInfoSelectorMouseListener.createDirectoryRecursive(78) - File created :C:/Users/Oleg_Chumin/IdeaProjects/JavaRushTasks/JavaRushTasks/2.JavaCore/src/com
2022-12-28 19:03:02 INFO  TaskInfoSelectorMouseListener.createDirectoryRecursive(78) - File created :C:/Users/Oleg_Chumin/IdeaProjects/JavaRushTasks/JavaRushTasks/2.JavaCore/src/com/javarush
2022-12-28 19:03:02 INFO  TaskInfoSelectorMouseListener.createDirectoryRecursive(78) - File created :C:/Users/Oleg_Chumin/IdeaProjects/JavaRushTasks/JavaRushTasks/2.JavaCore/src/com/javarush/task
2022-12-28 19:03:02 INFO  TaskInfoSelectorMouseListener.createDirectoryRecursive(78) - File created :C:/Users/Oleg_Chumin/IdeaProjects/JavaRushTasks/JavaRushTasks/2.JavaCore/src/com/javarush/task/task14
2022-12-28 19:03:02 INFO  TaskInfoSelectorMouseListener.createDirectoryRecursive(78) - File created :C:/Users/Oleg_Chumin/IdeaProjects/JavaRushTasks/JavaRushTasks/2.JavaCore/src/com/javarush/task/task14/task1401
2022-12-28 19:07:39 INFO  ApacheHttpClient.getWebResourceAsStream(502) - responseCode = 200
2022-12-28 19:07:40 INFO  ApacheHttpClient.getTask(488) - responseCode = 200
2022-12-28 19:07:41 INFO  ApacheHttpClient.completed(32) - responseCode = 200
2022-12-28 19:07:41 INFO  ApacheHttpClient.getTask(488) - responseCode = 200
2022-12-28 19:07:46 INFO  ApacheHttpClient.getWebResourceAsStream(502) - responseCode = 200
2022-12-28 19:07:46 INFO  ApacheHttpClient.getFilteredTasks(336) - responseCode = 200
2022-12-28 19:07:48 INFO  ApacheHttpClient.getTaskTemplateInfo(353) - responseCode = 200
2022-12-28 19:07:48 INFO  TaskInfoSelectorMouseListener.createDirectoryRecursive(78) - File created :C:/Users/Oleg_Chumin/IdeaProjects/JavaRushTasks/JavaRushTasks/2.JavaCore/src/com/javarush/task/task14/task1402
2022-12-28 19:08:45 INFO  ApacheHttpClient.getWebResourceAsStream(502) - responseCode = 200
2022-12-28 19:08:46 INFO  ApacheHttpClient.getTask(488) - responseCode = 200
2022-12-28 19:08:46 INFO  ApacheHttpClient.completed(32) - responseCode = 200
2022-12-28 19:08:47 INFO  ApacheHttpClient.getTask(488) - responseCode = 200
2022-12-28 19:09:02 INFO  ApacheHttpClient.getWebResourceAsStream(502) - responseCode = 200
2022-12-28 19:09:03 INFO  ApacheHttpClient.getFilteredTasks(336) - responseCode = 200
2022-12-28 19:09:06 INFO  ApacheHttpClient.getTaskTemplateInfo(353) - responseCode = 200
2022-12-28 19:09:06 INFO  TaskInfoSelectorMouseListener.createDirectoryRecursive(78) - File created :C:/Users/Oleg_Chumin/IdeaProjects/JavaRushTasks/JavaRushTasks/2.JavaCore/src/com/javarush/task/task14/task1403
2022-12-28 19:12:18 INFO  ApacheHttpClient.getWebResourceAsStream(502) - responseCode = 200
2022-12-28 19:12:19 INFO  ApacheHttpClient.getTask(488) - responseCode = 200
2022-12-28 19:12:20 INFO  ApacheHttpClient.completed(32) - responseCode = 200
2022-12-28 19:12:20 INFO  ApacheHttpClient.getTask(488) - responseCode = 200
2022-12-28 19:12:25 INFO  ApacheHttpClient.getWebResourceAsStream(502) - responseCode = 200
2022-12-28 19:12:26 INFO  ApacheHttpClient.getFilteredTasks(336) - responseCode = 200
2022-12-28 19:12:31 INFO  ApacheHttpClient.getTaskTemplateInfo(353) - responseCode = 200
2022-12-28 19:12:31 INFO  TaskInfoSelectorMouseListener.createDirectoryRecursive(78) - File created :C:/Users/Oleg_Chumin/IdeaProjects/JavaRushTasks/JavaRushTasks/2.JavaCore/src/com/javarush/task/task14/task1404
2022-12-28 19:14:44 INFO  ApacheHttpClient.getWebResourceAsStream(502) - responseCode = 200
2022-12-28 19:17:09 INFO  ApacheHttpClient.getWebResourceAsStream(502) - responseCode = 200
2022-12-28 19:17:22 INFO  ApacheHttpClient.getWebResourceAsStream(502) - responseCode = 200
2022-12-28 19:17:22 WARN  PluginUtil.getCurrentTask(77) - Error while retrieving the task key.
java.lang.StringIndexOutOfBoundsException: begin -1, end 5, length 5
	at java.base/java.lang.String.checkBoundsBeginEnd(String.java:4604)
	at java.base/java.lang.String.substring(String.java:2707)
	at java.base/java.lang.String.substring(String.java:2680)
	at com.homework.plugin.PluginUtil.getCurrentVirtualFile(PluginUtil.java:159)
	at com.homework.plugin.PluginUtil.getCurrentTask(PluginUtil.java:68)
	at com.homework.plugin.button.CorrectSolutionButton.actionPerformed(CorrectSolutionButton.java:59)
	at com.intellij.openapi.actionSystem.impl.ActionButton.actionPerformed(ActionButton.java:197)
	at com.intellij.openapi.actionSystem.impl.ActionButton.lambda$performAction$0(ActionButton.java:176)
	at com.intellij.openapi.actionSystem.ex.ActionUtil.performDumbAwareWithCallbacks(ActionUtil.java:346)
	at com.intellij.openapi.actionSystem.impl.ActionButton.performAction(ActionButton.java:176)
	at com.intellij.openapi.actionSystem.impl.ActionButton.processMouseEvent(ActionButton.java:465)
	at java.desktop/java.awt.Component.processEvent(Component.java:6413)
	at java.desktop/java.awt.Container.processEvent(Container.java:2266)
	at java.desktop/java.awt.Component.dispatchEventImpl(Component.java:5022)
	at java.desktop/java.awt.Container.dispatchEventImpl(Container.java:2324)
	at java.desktop/java.awt.Component.dispatchEvent(Component.java:4854)
	at java.desktop/java.awt.LightweightDispatcher.retargetMouseEvent(Container.java:4948)
	at java.desktop/java.awt.LightweightDispatcher.processMouseEvent(Container.java:4575)
	at java.desktop/java.awt.LightweightDispatcher.dispatchEvent(Container.java:4516)
	at java.desktop/java.awt.Container.dispatchEventImpl(Container.java:2310)
	at java.desktop/java.awt.Window.dispatchEventImpl(Window.java:2802)
	at java.desktop/java.awt.Component.dispatchEvent(Component.java:4854)
	at java.desktop/java.awt.EventQueue.dispatchEventImpl(EventQueue.java:781)
	at java.desktop/java.awt.EventQueue$4.run(EventQueue.java:730)
	at java.desktop/java.awt.EventQueue$4.run(EventQueue.java:724)
	at java.base/java.security.AccessController.doPrivileged(AccessController.java:399)
	at java.base/java.security.ProtectionDomain$JavaSecurityAccessImpl.doIntersectionPrivilege(ProtectionDomain.java:86)
	at java.base/java.security.ProtectionDomain$JavaSecurityAccessImpl.doIntersectionPrivilege(ProtectionDomain.java:97)
	at java.desktop/java.awt.EventQueue$5.run(EventQueue.java:754)
	at java.desktop/java.awt.EventQueue$5.run(EventQueue.java:752)
	at java.base/java.security.AccessController.doPrivileged(AccessController.java:399)
	at java.base/java.security.ProtectionDomain$JavaSecurityAccessImpl.doIntersectionPrivilege(ProtectionDomain.java:86)
	at java.desktop/java.awt.EventQueue.dispatchEvent(EventQueue.java:751)
	at com.intellij.ide.IdeEventQueue.defaultDispatchEvent(IdeEventQueue.java:909)
	at com.intellij.ide.IdeEventQueue.dispatchMouseEvent(IdeEventQueue.java:831)
	at com.intellij.ide.IdeEventQueue._dispatchEvent(IdeEventQueue.java:753)
	at com.intellij.ide.IdeEventQueue.lambda$dispatchEvent$5(IdeEventQueue.java:437)
	at com.intellij.openapi.progress.impl.CoreProgressManager.computePrioritized(CoreProgressManager.java:772)
	at com.intellij.ide.IdeEventQueue.lambda$dispatchEvent$6(IdeEventQueue.java:436)
	at com.intellij.openapi.application.TransactionGuardImpl.performActivity(TransactionGuardImpl.java:113)
	at com.intellij.ide.IdeEventQueue.performActivity(IdeEventQueue.java:615)
	at com.intellij.ide.IdeEventQueue.lambda$dispatchEvent$7(IdeEventQueue.java:434)
	at com.intellij.openapi.application.impl.ApplicationImpl.runIntendedWriteActionOnCurrentThread(ApplicationImpl.java:813)
	at com.intellij.ide.IdeEventQueue.dispatchEvent(IdeEventQueue.java:480)
	at java.desktop/java.awt.EventDispatchThread.pumpOneEventForFilters(EventDispatchThread.java:207)
	at java.desktop/java.awt.EventDispatchThread.pumpEventsForFilter(EventDispatchThread.java:128)
	at java.desktop/java.awt.EventDispatchThread.pumpEventsForHierarchy(EventDispatchThread.java:117)
	at java.desktop/java.awt.EventDispatchThread.pumpEvents(EventDispatchThread.java:113)
	at java.desktop/java.awt.EventDispatchThread.pumpEvents(EventDispatchThread.java:105)
	at java.desktop/java.awt.EventDispatchThread.run(EventDispatchThread.java:92)
2022-12-28 19:19:07 INFO  ApacheHttpClient.getWebResourceAsStream(502) - responseCode = 200
2022-12-28 19:19:19 INFO  ApacheHttpClient.getWebResourceAsStream(502) - responseCode = 200
2022-12-28 19:19:19 WARN  PluginUtil.getCurrentTask(77) - Error while retrieving the task key.
java.lang.StringIndexOutOfBoundsException: begin -1, end 5, length 5
	at java.base/java.lang.String.checkBoundsBeginEnd(String.java:4604)
	at java.base/java.lang.String.substring(String.java:2707)
	at java.base/java.lang.String.substring(String.java:2680)
	at com.homework.plugin.PluginUtil.getCurrentVirtualFile(PluginUtil.java:159)
	at com.homework.plugin.PluginUtil.getCurrentTask(PluginUtil.java:68)
	at com.homework.plugin.button.CorrectSolutionButton.actionPerformed(CorrectSolutionButton.java:59)
	at com.intellij.openapi.actionSystem.impl.ActionButton.actionPerformed(ActionButton.java:197)
	at com.intellij.openapi.actionSystem.impl.ActionButton.lambda$performAction$0(ActionButton.java:176)
	at com.intellij.openapi.actionSystem.ex.ActionUtil.performDumbAwareWithCallbacks(ActionUtil.java:346)
	at com.intellij.openapi.actionSystem.impl.ActionButton.performAction(ActionButton.java:176)
	at com.intellij.openapi.actionSystem.impl.ActionButton.processMouseEvent(ActionButton.java:465)
	at java.desktop/java.awt.Component.processEvent(Component.java:6413)
	at java.desktop/java.awt.Container.processEvent(Container.java:2266)
	at java.desktop/java.awt.Component.dispatchEventImpl(Component.java:5022)
	at java.desktop/java.awt.Container.dispatchEventImpl(Container.java:2324)
	at java.desktop/java.awt.Component.dispatchEvent(Component.java:4854)
	at java.desktop/java.awt.LightweightDispatcher.retargetMouseEvent(Container.java:4948)
	at java.desktop/java.awt.LightweightDispatcher.processMouseEvent(Container.java:4575)
	at java.desktop/java.awt.LightweightDispatcher.dispatchEvent(Container.java:4516)
	at java.desktop/java.awt.Container.dispatchEventImpl(Container.java:2310)
	at java.desktop/java.awt.Window.dispatchEventImpl(Window.java:2802)
	at java.desktop/java.awt.Component.dispatchEvent(Component.java:4854)
	at java.desktop/java.awt.EventQueue.dispatchEventImpl(EventQueue.java:781)
	at java.desktop/java.awt.EventQueue$4.run(EventQueue.java:730)
	at java.desktop/java.awt.EventQueue$4.run(EventQueue.java:724)
	at java.base/java.security.AccessController.doPrivileged(AccessController.java:399)
	at java.base/java.security.ProtectionDomain$JavaSecurityAccessImpl.doIntersectionPrivilege(ProtectionDomain.java:86)
	at java.base/java.security.ProtectionDomain$JavaSecurityAccessImpl.doIntersectionPrivilege(ProtectionDomain.java:97)
	at java.desktop/java.awt.EventQueue$5.run(EventQueue.java:754)
	at java.desktop/java.awt.EventQueue$5.run(EventQueue.java:752)
	at java.base/java.security.AccessController.doPrivileged(AccessController.java:399)
	at java.base/java.security.ProtectionDomain$JavaSecurityAccessImpl.doIntersectionPrivilege(ProtectionDomain.java:86)
	at java.desktop/java.awt.EventQueue.dispatchEvent(EventQueue.java:751)
	at com.intellij.ide.IdeEventQueue.defaultDispatchEvent(IdeEventQueue.java:909)
	at com.intellij.ide.IdeEventQueue.dispatchMouseEvent(IdeEventQueue.java:831)
	at com.intellij.ide.IdeEventQueue._dispatchEvent(IdeEventQueue.java:753)
	at com.intellij.ide.IdeEventQueue.lambda$dispatchEvent$5(IdeEventQueue.java:437)
	at com.intellij.openapi.progress.impl.CoreProgressManager.computePrioritized(CoreProgressManager.java:772)
	at com.intellij.ide.IdeEventQueue.lambda$dispatchEvent$6(IdeEventQueue.java:436)
	at com.intellij.openapi.application.TransactionGuardImpl.performActivity(TransactionGuardImpl.java:113)
	at com.intellij.ide.IdeEventQueue.performActivity(IdeEventQueue.java:615)
	at com.intellij.ide.IdeEventQueue.lambda$dispatchEvent$7(IdeEventQueue.java:434)
	at com.intellij.openapi.application.impl.ApplicationImpl.runIntendedWriteActionOnCurrentThread(ApplicationImpl.java:813)
	at com.intellij.ide.IdeEventQueue.dispatchEvent(IdeEventQueue.java:480)
	at java.desktop/java.awt.EventDispatchThread.pumpOneEventForFilters(EventDispatchThread.java:207)
	at java.desktop/java.awt.EventDispatchThread.pumpEventsForFilter(EventDispatchThread.java:128)
	at java.desktop/java.awt.EventDispatchThread.pumpEventsForHierarchy(EventDispatchThread.java:117)
	at java.desktop/java.awt.EventDispatchThread.pumpEvents(EventDispatchThread.java:113)
	at java.desktop/java.awt.EventDispatchThread.pumpEvents(EventDispatchThread.java:105)
	at java.desktop/java.awt.EventDispatchThread.run(EventDispatchThread.java:92)
2022-12-28 19:20:54 INFO  ApacheHttpClient.getWebResourceAsStream(502) - responseCode = 200
2022-12-28 19:20:55 INFO  ApacheHttpClient.getTask(488) - responseCode = 200
2022-12-28 19:20:58 INFO  ApacheHttpClient.completed(32) - responseCode = 200
2022-12-28 19:20:58 INFO  ApacheHttpClient.getTask(488) - responseCode = 200
2022-12-28 19:22:30 INFO  ApacheHttpClient.getWebResourceAsStream(502) - responseCode = 200
2022-12-28 19:22:30 INFO  ApacheHttpClient.getFilteredTasks(336) - responseCode = 200
2022-12-28 19:22:36 INFO  ApacheHttpClient.getTaskTemplateInfo(353) - responseCode = 200
2022-12-28 19:22:36 INFO  TaskInfoSelectorMouseListener.createDirectoryRecursive(78) - File created :C:/Users/Oleg_Chumin/IdeaProjects/JavaRushTasks/JavaRushTasks/2.JavaCore/src/com/javarush/task/task14/task1405
2022-12-28 19:26:53 INFO  ApacheHttpClient.getWebResourceAsStream(502) - responseCode = 200
2022-12-28 19:26:54 INFO  ApacheHttpClient.getTask(488) - responseCode = 200
2022-12-28 19:26:55 INFO  ApacheHttpClient.completed(32) - responseCode = 200
2022-12-28 19:30:31 INFO  ApacheHttpClient.getWebResourceAsStream(502) - responseCode = 200
2022-12-28 19:30:31 INFO  ApacheHttpClient.getTask(488) - responseCode = 200
2022-12-28 19:30:33 INFO  ApacheHttpClient.completed(32) - responseCode = 200
2022-12-28 19:30:33 INFO  ApacheHttpClient.getTask(488) - responseCode = 200
2022-12-28 19:30:45 INFO  ApacheHttpClient.getWebResourceAsStream(502) - responseCode = 200
2022-12-28 19:30:46 INFO  ApacheHttpClient.getFilteredTasks(336) - responseCode = 200
2022-12-28 19:30:48 INFO  ApacheHttpClient.getTaskTemplateInfo(353) - responseCode = 200
2022-12-28 19:30:48 INFO  TaskInfoSelectorMouseListener.createDirectoryRecursive(78) - File created :C:/Users/Oleg_Chumin/IdeaProjects/JavaRushTasks/JavaRushTasks/2.JavaCore/src/com/javarush/task/task14/task1406
2022-12-28 19:32:22 INFO  ApacheHttpClient.getWebResourceAsStream(502) - responseCode = 200
2022-12-28 19:32:23 INFO  ApacheHttpClient.getTask(488) - responseCode = 200
2022-12-28 19:32:24 INFO  ApacheHttpClient.completed(32) - responseCode = 200
2022-12-28 19:32:24 INFO  ApacheHttpClient.getTask(488) - responseCode = 200
2022-12-28 19:32:34 INFO  ApacheHttpClient.getWebResourceAsStream(502) - responseCode = 200
2022-12-28 19:32:35 INFO  ApacheHttpClient.getFilteredTasks(336) - responseCode = 200
2022-12-28 19:32:38 INFO  ApacheHttpClient.getTaskTemplateInfo(353) - responseCode = 200
2022-12-28 19:32:38 INFO  TaskInfoSelectorMouseListener.createDirectoryRecursive(78) - File created :C:/Users/Oleg_Chumin/IdeaProjects/JavaRushTasks/JavaRushTasks/2.JavaCore/src/com/javarush/task/task14/task1407
2022-12-28 19:34:20 INFO  ApacheHttpClient.getWebResourceAsStream(502) - responseCode = 200
2022-12-28 19:35:22 INFO  ApacheHttpClient.getWebResourceAsStream(502) - responseCode = 200
2022-12-28 19:37:38 INFO  ApacheHttpClient.getWebResourceAsStream(502) - responseCode = 200
2022-12-28 19:37:56 INFO  ApacheHttpClient.getWebResourceAsStream(502) - responseCode = 200
2022-12-28 19:37:56 WARN  PluginUtil.getCurrentTask(77) - Error while retrieving the task key.
java.lang.StringIndexOutOfBoundsException: begin -1, end 5, length 5
	at java.base/java.lang.String.checkBoundsBeginEnd(String.java:4604)
	at java.base/java.lang.String.substring(String.java:2707)
	at java.base/java.lang.String.substring(String.java:2680)
	at com.homework.plugin.PluginUtil.getCurrentVirtualFile(PluginUtil.java:159)
	at com.homework.plugin.PluginUtil.getCurrentTask(PluginUtil.java:68)
	at com.homework.plugin.button.CorrectSolutionButton.actionPerformed(CorrectSolutionButton.java:59)
	at com.intellij.openapi.actionSystem.impl.ActionButton.actionPerformed(ActionButton.java:197)
	at com.intellij.openapi.actionSystem.impl.ActionButton.lambda$performAction$0(ActionButton.java:176)
	at com.intellij.openapi.actionSystem.ex.ActionUtil.performDumbAwareWithCallbacks(ActionUtil.java:346)
	at com.intellij.openapi.actionSystem.impl.ActionButton.performAction(ActionButton.java:176)
	at com.intellij.openapi.actionSystem.impl.ActionButton.processMouseEvent(ActionButton.java:465)
	at java.desktop/java.awt.Component.processEvent(Component.java:6413)
	at java.desktop/java.awt.Container.processEvent(Container.java:2266)
	at java.desktop/java.awt.Component.dispatchEventImpl(Component.java:5022)
	at java.desktop/java.awt.Container.dispatchEventImpl(Container.java:2324)
	at java.desktop/java.awt.Component.dispatchEvent(Component.java:4854)
	at java.desktop/java.awt.LightweightDispatcher.retargetMouseEvent(Container.java:4948)
	at java.desktop/java.awt.LightweightDispatcher.processMouseEvent(Container.java:4575)
	at java.desktop/java.awt.LightweightDispatcher.dispatchEvent(Container.java:4516)
	at java.desktop/java.awt.Container.dispatchEventImpl(Container.java:2310)
	at java.desktop/java.awt.Window.dispatchEventImpl(Window.java:2802)
	at java.desktop/java.awt.Component.dispatchEvent(Component.java:4854)
	at java.desktop/java.awt.EventQueue.dispatchEventImpl(EventQueue.java:781)
	at java.desktop/java.awt.EventQueue$4.run(EventQueue.java:730)
	at java.desktop/java.awt.EventQueue$4.run(EventQueue.java:724)
	at java.base/java.security.AccessController.doPrivileged(AccessController.java:399)
	at java.base/java.security.ProtectionDomain$JavaSecurityAccessImpl.doIntersectionPrivilege(ProtectionDomain.java:86)
	at java.base/java.security.ProtectionDomain$JavaSecurityAccessImpl.doIntersectionPrivilege(ProtectionDomain.java:97)
	at java.desktop/java.awt.EventQueue$5.run(EventQueue.java:754)
	at java.desktop/java.awt.EventQueue$5.run(EventQueue.java:752)
	at java.base/java.security.AccessController.doPrivileged(AccessController.java:399)
	at java.base/java.security.ProtectionDomain$JavaSecurityAccessImpl.doIntersectionPrivilege(ProtectionDomain.java:86)
	at java.desktop/java.awt.EventQueue.dispatchEvent(EventQueue.java:751)
	at com.intellij.ide.IdeEventQueue.defaultDispatchEvent(IdeEventQueue.java:909)
	at com.intellij.ide.IdeEventQueue.dispatchMouseEvent(IdeEventQueue.java:831)
	at com.intellij.ide.IdeEventQueue._dispatchEvent(IdeEventQueue.java:753)
	at com.intellij.ide.IdeEventQueue.lambda$dispatchEvent$5(IdeEventQueue.java:437)
	at com.intellij.openapi.progress.impl.CoreProgressManager.computePrioritized(CoreProgressManager.java:772)
	at com.intellij.ide.IdeEventQueue.lambda$dispatchEvent$6(IdeEventQueue.java:436)
	at com.intellij.openapi.application.TransactionGuardImpl.performActivity(TransactionGuardImpl.java:113)
	at com.intellij.ide.IdeEventQueue.performActivity(IdeEventQueue.java:615)
	at com.intellij.ide.IdeEventQueue.lambda$dispatchEvent$7(IdeEventQueue.java:434)
	at com.intellij.openapi.application.impl.ApplicationImpl.runIntendedWriteActionOnCurrentThread(ApplicationImpl.java:813)
	at com.intellij.ide.IdeEventQueue.dispatchEvent(IdeEventQueue.java:480)
	at java.desktop/java.awt.EventDispatchThread.pumpOneEventForFilters(EventDispatchThread.java:207)
	at java.desktop/java.awt.EventDispatchThread.pumpEventsForFilter(EventDispatchThread.java:128)
	at java.desktop/java.awt.EventDispatchThread.pumpEventsForHierarchy(EventDispatchThread.java:117)
	at java.desktop/java.awt.EventDispatchThread.pumpEvents(EventDispatchThread.java:113)
	at java.desktop/java.awt.EventDispatchThread.pumpEvents(EventDispatchThread.java:105)
	at java.desktop/java.awt.EventDispatchThread.run(EventDispatchThread.java:92)
2022-12-28 19:39:43 INFO  ApacheHttpClient.getWebResourceAsStream(502) - responseCode = 200
2022-12-28 19:39:43 INFO  ApacheHttpClient.getTask(488) - responseCode = 200
2022-12-28 19:39:45 INFO  ApacheHttpClient.completed(32) - responseCode = 200
2022-12-28 19:40:05 INFO  ApacheHttpClient.getWebResourceAsStream(502) - responseCode = 200
2022-12-28 19:40:59 INFO  ApacheHttpClient.getWebResourceAsStream(502) - responseCode = 200
2022-12-28 19:41:00 INFO  ApacheHttpClient.getTask(488) - responseCode = 200
2022-12-28 19:41:01 INFO  ApacheHttpClient.completed(32) - responseCode = 200
2022-12-28 19:41:11 INFO  ApacheHttpClient.getWebResourceAsStream(502) - responseCode = 200
2022-12-28 19:44:06 INFO  ApacheHttpClient.getWebResourceAsStream(502) - responseCode = 200
2022-12-28 19:44:06 INFO  ApacheHttpClient.getTask(488) - responseCode = 200
2022-12-28 19:44:08 INFO  ApacheHttpClient.completed(32) - responseCode = 200
2022-12-28 19:44:26 INFO  ApacheHttpClient.getWebResourceAsStream(502) - responseCode = 200
2022-12-28 19:45:19 INFO  ApacheHttpClient.getWebResourceAsStream(502) - responseCode = 200
2022-12-28 19:45:19 WARN  PluginUtil.getCurrentTask(77) - Error while retrieving the task key.
java.lang.StringIndexOutOfBoundsException: begin -1, end 37, length 37
	at java.base/java.lang.String.checkBoundsBeginEnd(String.java:4604)
	at java.base/java.lang.String.substring(String.java:2707)
	at java.base/java.lang.String.substring(String.java:2680)
	at com.homework.plugin.PluginUtil.getCurrentVirtualFile(PluginUtil.java:159)
	at com.homework.plugin.PluginUtil.getCurrentTask(PluginUtil.java:68)
	at com.homework.plugin.button.ValidateButton.actionPerformed(ValidateButton.java:57)
	at com.intellij.openapi.actionSystem.impl.ActionButton.actionPerformed(ActionButton.java:197)
	at com.intellij.openapi.actionSystem.impl.ActionButton.lambda$performAction$0(ActionButton.java:176)
	at com.intellij.openapi.actionSystem.ex.ActionUtil.performDumbAwareWithCallbacks(ActionUtil.java:346)
	at com.intellij.openapi.actionSystem.impl.ActionButton.performAction(ActionButton.java:176)
	at com.intellij.openapi.actionSystem.impl.ActionButton.processMouseEvent(ActionButton.java:465)
	at java.desktop/java.awt.Component.processEvent(Component.java:6413)
	at java.desktop/java.awt.Container.processEvent(Container.java:2266)
	at java.desktop/java.awt.Component.dispatchEventImpl(Component.java:5022)
	at java.desktop/java.awt.Container.dispatchEventImpl(Container.java:2324)
	at java.desktop/java.awt.Component.dispatchEvent(Component.java:4854)
	at java.desktop/java.awt.LightweightDispatcher.retargetMouseEvent(Container.java:4948)
	at java.desktop/java.awt.LightweightDispatcher.processMouseEvent(Container.java:4575)
	at java.desktop/java.awt.LightweightDispatcher.dispatchEvent(Container.java:4516)
	at java.desktop/java.awt.Container.dispatchEventImpl(Container.java:2310)
	at java.desktop/java.awt.Window.dispatchEventImpl(Window.java:2802)
	at java.desktop/java.awt.Component.dispatchEvent(Component.java:4854)
	at java.desktop/java.awt.EventQueue.dispatchEventImpl(EventQueue.java:781)
	at java.desktop/java.awt.EventQueue$4.run(EventQueue.java:730)
	at java.desktop/java.awt.EventQueue$4.run(EventQueue.java:724)
	at java.base/java.security.AccessController.doPrivileged(AccessController.java:399)
	at java.base/java.security.ProtectionDomain$JavaSecurityAccessImpl.doIntersectionPrivilege(ProtectionDomain.java:86)
	at java.base/java.security.ProtectionDomain$JavaSecurityAccessImpl.doIntersectionPrivilege(ProtectionDomain.java:97)
	at java.desktop/java.awt.EventQueue$5.run(EventQueue.java:754)
	at java.desktop/java.awt.EventQueue$5.run(EventQueue.java:752)
	at java.base/java.security.AccessController.doPrivileged(AccessController.java:399)
	at java.base/java.security.ProtectionDomain$JavaSecurityAccessImpl.doIntersectionPrivilege(ProtectionDomain.java:86)
	at java.desktop/java.awt.EventQueue.dispatchEvent(EventQueue.java:751)
	at com.intellij.ide.IdeEventQueue.defaultDispatchEvent(IdeEventQueue.java:909)
	at com.intellij.ide.IdeEventQueue.dispatchMouseEvent(IdeEventQueue.java:831)
	at com.intellij.ide.IdeEventQueue._dispatchEvent(IdeEventQueue.java:753)
	at com.intellij.ide.IdeEventQueue.lambda$dispatchEvent$5(IdeEventQueue.java:437)
	at com.intellij.openapi.progress.impl.CoreProgressManager.computePrioritized(CoreProgressManager.java:772)
	at com.intellij.ide.IdeEventQueue.lambda$dispatchEvent$6(IdeEventQueue.java:436)
	at com.intellij.openapi.application.TransactionGuardImpl.performActivity(TransactionGuardImpl.java:113)
	at com.intellij.ide.IdeEventQueue.performActivity(IdeEventQueue.java:615)
	at com.intellij.ide.IdeEventQueue.lambda$dispatchEvent$7(IdeEventQueue.java:434)
	at com.intellij.openapi.application.impl.ApplicationImpl.runIntendedWriteActionOnCurrentThread(ApplicationImpl.java:813)
	at com.intellij.ide.IdeEventQueue.dispatchEvent(IdeEventQueue.java:480)
	at java.desktop/java.awt.EventDispatchThread.pumpOneEventForFilters(EventDispatchThread.java:207)
	at java.desktop/java.awt.EventDispatchThread.pumpEventsForFilter(EventDispatchThread.java:128)
	at java.desktop/java.awt.EventDispatchThread.pumpEventsForHierarchy(EventDispatchThread.java:117)
	at java.desktop/java.awt.EventDispatchThread.pumpEvents(EventDispatchThread.java:113)
	at java.desktop/java.awt.EventDispatchThread.pumpEvents(EventDispatchThread.java:105)
	at java.desktop/java.awt.EventDispatchThread.run(EventDispatchThread.java:92)
2022-12-28 19:45:19 WARN  PluginUtil.getCurrentDirectory(108) - Error while getting the current directory.
java.lang.StringIndexOutOfBoundsException: begin -1, end 37, length 37
	at java.base/java.lang.String.checkBoundsBeginEnd(String.java:4604)
	at java.base/java.lang.String.substring(String.java:2707)
	at java.base/java.lang.String.substring(String.java:2680)
	at com.homework.plugin.PluginUtil.getCurrentVirtualFile(PluginUtil.java:159)
	at com.homework.plugin.PluginUtil.getCurrentDirectory(PluginUtil.java:106)
	at com.homework.plugin.button.ValidateButton.actionPerformed(ValidateButton.java:62)
	at com.intellij.openapi.actionSystem.impl.ActionButton.actionPerformed(ActionButton.java:197)
	at com.intellij.openapi.actionSystem.impl.ActionButton.lambda$performAction$0(ActionButton.java:176)
	at com.intellij.openapi.actionSystem.ex.ActionUtil.performDumbAwareWithCallbacks(ActionUtil.java:346)
	at com.intellij.openapi.actionSystem.impl.ActionButton.performAction(ActionButton.java:176)
	at com.intellij.openapi.actionSystem.impl.ActionButton.processMouseEvent(ActionButton.java:465)
	at java.desktop/java.awt.Component.processEvent(Component.java:6413)
	at java.desktop/java.awt.Container.processEvent(Container.java:2266)
	at java.desktop/java.awt.Component.dispatchEventImpl(Component.java:5022)
	at java.desktop/java.awt.Container.dispatchEventImpl(Container.java:2324)
	at java.desktop/java.awt.Component.dispatchEvent(Component.java:4854)
	at java.desktop/java.awt.LightweightDispatcher.retargetMouseEvent(Container.java:4948)
	at java.desktop/java.awt.LightweightDispatcher.processMouseEvent(Container.java:4575)
	at java.desktop/java.awt.LightweightDispatcher.dispatchEvent(Container.java:4516)
	at java.desktop/java.awt.Container.dispatchEventImpl(Container.java:2310)
	at java.desktop/java.awt.Window.dispatchEventImpl(Window.java:2802)
	at java.desktop/java.awt.Component.dispatchEvent(Component.java:4854)
	at java.desktop/java.awt.EventQueue.dispatchEventImpl(EventQueue.java:781)
	at java.desktop/java.awt.EventQueue$4.run(EventQueue.java:730)
	at java.desktop/java.awt.EventQueue$4.run(EventQueue.java:724)
	at java.base/java.security.AccessController.doPrivileged(AccessController.java:399)
	at java.base/java.security.ProtectionDomain$JavaSecurityAccessImpl.doIntersectionPrivilege(ProtectionDomain.java:86)
	at java.base/java.security.ProtectionDomain$JavaSecurityAccessImpl.doIntersectionPrivilege(ProtectionDomain.java:97)
	at java.desktop/java.awt.EventQueue$5.run(EventQueue.java:754)
	at java.desktop/java.awt.EventQueue$5.run(EventQueue.java:752)
	at java.base/java.security.AccessController.doPrivileged(AccessController.java:399)
	at java.base/java.security.ProtectionDomain$JavaSecurityAccessImpl.doIntersectionPrivilege(ProtectionDomain.java:86)
	at java.desktop/java.awt.EventQueue.dispatchEvent(EventQueue.java:751)
	at com.intellij.ide.IdeEventQueue.defaultDispatchEvent(IdeEventQueue.java:909)
	at com.intellij.ide.IdeEventQueue.dispatchMouseEvent(IdeEventQueue.java:831)
	at com.intellij.ide.IdeEventQueue._dispatchEvent(IdeEventQueue.java:753)
	at com.intellij.ide.IdeEventQueue.lambda$dispatchEvent$5(IdeEventQueue.java:437)
	at com.intellij.openapi.progress.impl.CoreProgressManager.computePrioritized(CoreProgressManager.java:772)
	at com.intellij.ide.IdeEventQueue.lambda$dispatchEvent$6(IdeEventQueue.java:436)
	at com.intellij.openapi.application.TransactionGuardImpl.performActivity(TransactionGuardImpl.java:113)
	at com.intellij.ide.IdeEventQueue.performActivity(IdeEventQueue.java:615)
	at com.intellij.ide.IdeEventQueue.lambda$dispatchEvent$7(IdeEventQueue.java:434)
	at com.intellij.openapi.application.impl.ApplicationImpl.runIntendedWriteActionOnCurrentThread(ApplicationImpl.java:813)
	at com.intellij.ide.IdeEventQueue.dispatchEvent(IdeEventQueue.java:480)
	at java.desktop/java.awt.EventDispatchThread.pumpOneEventForFilters(EventDispatchThread.java:207)
	at java.desktop/java.awt.EventDispatchThread.pumpEventsForFilter(EventDispatchThread.java:128)
	at java.desktop/java.awt.EventDispatchThread.pumpEventsForHierarchy(EventDispatchThread.java:117)
	at java.desktop/java.awt.EventDispatchThread.pumpEvents(EventDispatchThread.java:113)
	at java.desktop/java.awt.EventDispatchThread.pumpEvents(EventDispatchThread.java:105)
	at java.desktop/java.awt.EventDispatchThread.run(EventDispatchThread.java:92)
2022-12-28 19:45:19 WARN  PluginUtil.getCurrentDirectory(108) - Error while getting the current directory.
java.lang.StringIndexOutOfBoundsException: begin -1, end 37, length 37
	at java.base/java.lang.String.checkBoundsBeginEnd(String.java:4604)
	at java.base/java.lang.String.substring(String.java:2707)
	at java.base/java.lang.String.substring(String.java:2680)
	at com.homework.plugin.PluginUtil.getCurrentVirtualFile(PluginUtil.java:159)
	at com.homework.plugin.PluginUtil.getCurrentDirectory(PluginUtil.java:106)
	at com.homework.plugin.PluginUtil.getTaskTitle(PluginUtil.java:83)
	at com.homework.plugin.button.ValidateButton.actionPerformed(ValidateButton.java:85)
	at com.intellij.openapi.actionSystem.impl.ActionButton.actionPerformed(ActionButton.java:197)
	at com.intellij.openapi.actionSystem.impl.ActionButton.lambda$performAction$0(ActionButton.java:176)
	at com.intellij.openapi.actionSystem.ex.ActionUtil.performDumbAwareWithCallbacks(ActionUtil.java:346)
	at com.intellij.openapi.actionSystem.impl.ActionButton.performAction(ActionButton.java:176)
	at com.intellij.openapi.actionSystem.impl.ActionButton.processMouseEvent(ActionButton.java:465)
	at java.desktop/java.awt.Component.processEvent(Component.java:6413)
	at java.desktop/java.awt.Container.processEvent(Container.java:2266)
	at java.desktop/java.awt.Component.dispatchEventImpl(Component.java:5022)
	at java.desktop/java.awt.Container.dispatchEventImpl(Container.java:2324)
	at java.desktop/java.awt.Component.dispatchEvent(Component.java:4854)
	at java.desktop/java.awt.LightweightDispatcher.retargetMouseEvent(Container.java:4948)
	at java.desktop/java.awt.LightweightDispatcher.processMouseEvent(Container.java:4575)
	at java.desktop/java.awt.LightweightDispatcher.dispatchEvent(Container.java:4516)
	at java.desktop/java.awt.Container.dispatchEventImpl(Container.java:2310)
	at java.desktop/java.awt.Window.dispatchEventImpl(Window.java:2802)
	at java.desktop/java.awt.Component.dispatchEvent(Component.java:4854)
	at java.desktop/java.awt.EventQueue.dispatchEventImpl(EventQueue.java:781)
	at java.desktop/java.awt.EventQueue$4.run(EventQueue.java:730)
	at java.desktop/java.awt.EventQueue$4.run(EventQueue.java:724)
	at java.base/java.security.AccessController.doPrivileged(AccessController.java:399)
	at java.base/java.security.ProtectionDomain$JavaSecurityAccessImpl.doIntersectionPrivilege(ProtectionDomain.java:86)
	at java.base/java.security.ProtectionDomain$JavaSecurityAccessImpl.doIntersectionPrivilege(ProtectionDomain.java:97)
	at java.desktop/java.awt.EventQueue$5.run(EventQueue.java:754)
	at java.desktop/java.awt.EventQueue$5.run(EventQueue.java:752)
	at java.base/java.security.AccessController.doPrivileged(AccessController.java:399)
	at java.base/java.security.ProtectionDomain$JavaSecurityAccessImpl.doIntersectionPrivilege(ProtectionDomain.java:86)
	at java.desktop/java.awt.EventQueue.dispatchEvent(EventQueue.java:751)
	at com.intellij.ide.IdeEventQueue.defaultDispatchEvent(IdeEventQueue.java:909)
	at com.intellij.ide.IdeEventQueue.dispatchMouseEvent(IdeEventQueue.java:831)
	at com.intellij.ide.IdeEventQueue._dispatchEvent(IdeEventQueue.java:753)
	at com.intellij.ide.IdeEventQueue.lambda$dispatchEvent$5(IdeEventQueue.java:437)
	at com.intellij.openapi.progress.impl.CoreProgressManager.computePrioritized(CoreProgressManager.java:772)
	at com.intellij.ide.IdeEventQueue.lambda$dispatchEvent$6(IdeEventQueue.java:436)
	at com.intellij.openapi.application.TransactionGuardImpl.performActivity(TransactionGuardImpl.java:113)
	at com.intellij.ide.IdeEventQueue.performActivity(IdeEventQueue.java:615)
	at com.intellij.ide.IdeEventQueue.lambda$dispatchEvent$7(IdeEventQueue.java:434)
	at com.intellij.openapi.application.impl.ApplicationImpl.runIntendedWriteActionOnCurrentThread(ApplicationImpl.java:813)
	at com.intellij.ide.IdeEventQueue.dispatchEvent(IdeEventQueue.java:480)
	at java.desktop/java.awt.EventDispatchThread.pumpOneEventForFilters(EventDispatchThread.java:207)
	at java.desktop/java.awt.EventDispatchThread.pumpEventsForFilter(EventDispatchThread.java:128)
	at java.desktop/java.awt.EventDispatchThread.pumpEventsForHierarchy(EventDispatchThread.java:117)
	at java.desktop/java.awt.EventDispatchThread.pumpEvents(EventDispatchThread.java:113)
	at java.desktop/java.awt.EventDispatchThread.pumpEvents(EventDispatchThread.java:105)
	at java.desktop/java.awt.EventDispatchThread.run(EventDispatchThread.java:92)
2022-12-28 19:45:19 INFO  ApacheHttpClient.getTask(488) - responseCode = 200
2022-12-28 19:45:24 INFO  ApacheHttpClient.completed(32) - responseCode = 200
2022-12-28 19:45:25 INFO  ApacheHttpClient.getTask(488) - responseCode = 200
2022-12-28 19:45:59 INFO  ProjectStartupHandler.projectClosing(155) - ---------- Project closed ----------

2022-12-28 19:45:59 INFO  ApacheHttpClient.getTask(488) - responseCode = 200
2022-12-28 19:45:59 INFO  ApacheHttpClient.getTask(488) - responseCode = 200
2022-12-28 19:46:00 INFO  ApacheHttpClient.getTask(488) - responseCode = 200
2022-12-28 19:46:00 INFO  ApacheHttpClient.getTask(488) - responseCode = 200
2022-12-28 19:46:00 INFO  ApacheHttpClient.getTask(488) - responseCode = 200
2022-12-28 19:46:00 INFO  ApacheHttpClient.getTask(488) - responseCode = 200
2022-12-28 19:46:00 INFO  ApacheHttpClient.getTask(488) - responseCode = 200
2022-12-28 19:46:00 INFO  PluginProjectService.dispose(41) - PluginProjectService for disposed.
2022-12-28 19:57:12 INFO  ProjectStartupHandler.runActivity(74) - ---------- Project opened ----------
2022-12-28 19:57:12 INFO  ProjectStartupHandler.runActivity(75) - ---------- Version 4.02 ----------

2022-12-28 19:57:12 INFO  ApacheHttpClient.isSessionAppropriateWithSecretKey(602) - Waiting for server response.
2022-12-28 19:57:12 INFO  ApacheHttpClient.isSessionAppropriateWithSecretKey(602) - Waiting for server response.
2022-12-28 19:57:12 INFO  ApacheHttpClient.refreshUserInfo(305) - responseCode = 200
2022-12-28 19:57:12 INFO  ApacheHttpClient.refreshUserInfo(311) - User information received.
2022-12-28 19:57:12 INFO  ApacheHttpClient.startGA(36) - GAService started.
2022-12-28 19:57:21 INFO  ApacheHttpClient.getWebResourceAsStream(502) - responseCode = 200
2022-12-28 19:57:22 INFO  ApacheHttpClient.getTask(488) - responseCode = 200
2022-12-28 19:57:22 INFO  ApacheHttpClient.completed(32) - responseCode = 400
2022-12-28 19:57:22 WARN  TaskCompleted.run(74) - You already completed this task: "Player and Dancer"
com.homework.plugin.analytics.PluginWarningException: warning
	at com.homework.plugin.callback.TaskCompleted.run(TaskCompleted.java:74)
	at com.intellij.openapi.application.TransactionGuardImpl.runWithWritingAllowed(TransactionGuardImpl.java:209)
	at com.intellij.openapi.application.TransactionGuardImpl.access$100(TransactionGuardImpl.java:21)
	at com.intellij.openapi.application.TransactionGuardImpl$1.run(TransactionGuardImpl.java:191)
	at com.intellij.openapi.application.impl.ApplicationImpl.runIntendedWriteActionOnCurrentThread(ApplicationImpl.java:813)
	at com.intellij.openapi.application.impl.ApplicationImpl$3.run(ApplicationImpl.java:429)
	at com.intellij.openapi.application.impl.FlushQueue.doRun(FlushQueue.java:74)
	at com.intellij.openapi.application.impl.FlushQueue.runNextEvent(FlushQueue.java:114)
	at com.intellij.openapi.application.impl.FlushQueue.flushNow(FlushQueue.java:36)
	at java.desktop/java.awt.event.InvocationEvent.dispatch(InvocationEvent.java:318)
	at java.desktop/java.awt.EventQueue.dispatchEventImpl(EventQueue.java:779)
	at java.desktop/java.awt.EventQueue$4.run(EventQueue.java:730)
	at java.desktop/java.awt.EventQueue$4.run(EventQueue.java:724)
	at java.base/java.security.AccessController.doPrivileged(AccessController.java:399)
	at java.base/java.security.ProtectionDomain$JavaSecurityAccessImpl.doIntersectionPrivilege(ProtectionDomain.java:86)
	at java.desktop/java.awt.EventQueue.dispatchEvent(EventQueue.java:749)
	at com.intellij.ide.IdeEventQueue.defaultDispatchEvent(IdeEventQueue.java:909)
	at com.intellij.ide.IdeEventQueue._dispatchEvent(IdeEventQueue.java:756)
	at com.intellij.ide.IdeEventQueue.lambda$dispatchEvent$5(IdeEventQueue.java:437)
	at com.intellij.openapi.progress.impl.CoreProgressManager.computePrioritized(CoreProgressManager.java:772)
	at com.intellij.ide.IdeEventQueue.lambda$dispatchEvent$6(IdeEventQueue.java:436)
	at com.intellij.openapi.application.TransactionGuardImpl.performActivity(TransactionGuardImpl.java:105)
	at com.intellij.ide.IdeEventQueue.performActivity(IdeEventQueue.java:615)
	at com.intellij.ide.IdeEventQueue.lambda$dispatchEvent$7(IdeEventQueue.java:434)
	at com.intellij.openapi.application.impl.ApplicationImpl.runIntendedWriteActionOnCurrentThread(ApplicationImpl.java:813)
	at com.intellij.ide.IdeEventQueue.dispatchEvent(IdeEventQueue.java:480)
	at java.desktop/java.awt.EventDispatchThread.pumpOneEventForFilters(EventDispatchThread.java:207)
	at java.desktop/java.awt.EventDispatchThread.pumpEventsForFilter(EventDispatchThread.java:128)
	at java.desktop/java.awt.EventDispatchThread.pumpEventsForHierarchy(EventDispatchThread.java:117)
	at java.desktop/java.awt.EventDispatchThread.pumpEvents(EventDispatchThread.java:113)
	at java.desktop/java.awt.EventDispatchThread.pumpEvents(EventDispatchThread.java:105)
	at java.desktop/java.awt.EventDispatchThread.run(EventDispatchThread.java:92)
